<?xml version="1.0" encoding="UTF-8"?><testrun name="BowlingTest" project="Bowling" tests="18" started="18" failures="0" errors="1" ignored="0">
  <testsuite name="com.capgemini.bowling.BowlingTest" time="0.016">
    <testcase name="canRollSpareIn10thFrame" classname="com.capgemini.bowling.BowlingTest" time="0.001"/>
    <testcase name="shouldReturnFalseFor21RollsIfNoSpare" classname="com.capgemini.bowling.BowlingTest" time="0.004">
      <error>java.lang.ArrayIndexOutOfBoundsException: 21&#13;
	at com.capgemini.bowling.BowlingGame.roll(BowlingGame.java:18)&#13;
	at com.capgemini.bowling.BowlingTest.shouldReturnFalseFor21RollsIfNoSpare(BowlingTest.java:177)&#13;
	at sun.reflect.NativeMethodAccessorImpl.invoke0(Native Method)&#13;
	at sun.reflect.NativeMethodAccessorImpl.invoke(NativeMethodAccessorImpl.java:62)&#13;
	at sun.reflect.DelegatingMethodAccessorImpl.invoke(DelegatingMethodAccessorImpl.java:43)&#13;
	at java.lang.reflect.Method.invoke(Method.java:497)&#13;
	at org.junit.runners.model.FrameworkMethod$1.runReflectiveCall(FrameworkMethod.java:50)&#13;
	at org.junit.internal.runners.model.ReflectiveCallable.run(ReflectiveCallable.java:12)&#13;
	at org.junit.runners.model.FrameworkMethod.invokeExplosively(FrameworkMethod.java:47)&#13;
	at org.junit.internal.runners.statements.InvokeMethod.evaluate(InvokeMethod.java:17)&#13;
	at org.junit.internal.runners.statements.RunBefores.evaluate(RunBefores.java:26)&#13;
	at org.junit.runners.ParentRunner.runLeaf(ParentRunner.java:325)&#13;
	at org.junit.runners.BlockJUnit4ClassRunner.runChild(BlockJUnit4ClassRunner.java:78)&#13;
	at org.junit.runners.BlockJUnit4ClassRunner.runChild(BlockJUnit4ClassRunner.java:57)&#13;
	at org.junit.runners.ParentRunner$3.run(ParentRunner.java:290)&#13;
	at org.junit.runners.ParentRunner$1.schedule(ParentRunner.java:71)&#13;
	at org.junit.runners.ParentRunner.runChildren(ParentRunner.java:288)&#13;
	at org.junit.runners.ParentRunner.access$000(ParentRunner.java:58)&#13;
	at org.junit.runners.ParentRunner$2.evaluate(ParentRunner.java:268)&#13;
	at org.junit.runners.ParentRunner.run(ParentRunner.java:363)&#13;
	at org.eclipse.jdt.internal.junit4.runner.JUnit4TestReference.run(JUnit4TestReference.java:86)&#13;
	at org.eclipse.jdt.internal.junit.runner.TestExecution.run(TestExecution.java:38)&#13;
	at org.eclipse.jdt.internal.junit.runner.RemoteTestRunner.runTests(RemoteTestRunner.java:459)&#13;
	at org.eclipse.jdt.internal.junit.runner.RemoteTestRunner.runTests(RemoteTestRunner.java:675)&#13;
	at org.eclipse.jdt.internal.junit.runner.RemoteTestRunner.run(RemoteTestRunner.java:382)&#13;
	at org.eclipse.jdt.internal.junit.runner.RemoteTestRunner.main(RemoteTestRunner.java:192)&#13;
&#13;
</error>
    </testcase>
    <testcase name="shouldThrowIllegalArgumentExceptionWhenKnockingMoreThan10Pins" classname="com.capgemini.bowling.BowlingTest" time="0.001"/>
    <testcase name="shouldThrowIllegalArgumentExceptionWhenKnockingNegativeNumberOfPins" classname="com.capgemini.bowling.BowlingTest" time="0.0"/>
    <testcase name="canRollSpareThenStandardRolls" classname="com.capgemini.bowling.BowlingTest" time="0.001"/>
    <testcase name="canRollAll0" classname="com.capgemini.bowling.BowlingTest" time="0.0"/>
    <testcase name="canRollAll1" classname="com.capgemini.bowling.BowlingTest" time="0.0"/>
    <testcase name="canRollStandardRollsThenASpare" classname="com.capgemini.bowling.BowlingTest" time="0.001"/>
    <testcase name="canRollStandardRollsThenStrike" classname="com.capgemini.bowling.BowlingTest" time="0.0"/>
    <testcase name="canRollStrikeStandardSpareStandard" classname="com.capgemini.bowling.BowlingTest" time="0.001"/>
    <testcase name="canRollPerfectGame" classname="com.capgemini.bowling.BowlingTest" time="0.0"/>
    <testcase name="shouldReturnFalseFor19Rolls" classname="com.capgemini.bowling.BowlingTest" time="0.0"/>
    <testcase name="canRollStrikeIn10thFrame" classname="com.capgemini.bowling.BowlingTest" time="0.001"/>
    <testcase name="shouldReturnTrueFor20Rolls" classname="com.capgemini.bowling.BowlingTest" time="0.0"/>
    <testcase name="shouldReturnTrueFor21Rolls" classname="com.capgemini.bowling.BowlingTest" time="0.001"/>
    <testcase name="shouldReturnTrueFor22Rolls" classname="com.capgemini.bowling.BowlingTest" time="0.003"/>
    <testcase name="shouldThrowIllegalArgumentExceptionFor23Rolls" classname="com.capgemini.bowling.BowlingTest" time="0.0"/>
    <testcase name="canRollStrikeFirst" classname="com.capgemini.bowling.BowlingTest" time="0.002"/>
  </testsuite>
</testrun>
