<?xml version="1.0" encoding="UTF-8"?><testrun name="FraudAnalyserTest" project="FraudAnalyser" tests="17" started="17" failures="1" errors="0" ignored="1">
  <testsuite name="com.capgemini.fraudanalyser.FraudAnalyserTest" time="0.071">
    <testcase name="shouldReturn10ForTwoFives" classname="com.capgemini.fraudanalyser.FraudAnalyserTest" time="0.028">
      <failure>java.lang.AssertionError: expected:&lt;10&gt; but was:&lt;10.0&gt;&#13;
	at org.junit.Assert.fail(Assert.java:88)&#13;
	at org.junit.Assert.failNotEquals(Assert.java:834)&#13;
	at org.junit.Assert.assertEquals(Assert.java:118)&#13;
	at org.junit.Assert.assertEquals(Assert.java:144)&#13;
	at com.capgemini.fraudanalyser.FraudAnalyserTest.shouldReturn10ForTwoFives(FraudAnalyserTest.java:103)&#13;
	at sun.reflect.NativeMethodAccessorImpl.invoke0(Native Method)&#13;
	at sun.reflect.NativeMethodAccessorImpl.invoke(NativeMethodAccessorImpl.java:62)&#13;
	at sun.reflect.DelegatingMethodAccessorImpl.invoke(DelegatingMethodAccessorImpl.java:43)&#13;
	at java.lang.reflect.Method.invoke(Method.java:497)&#13;
	at org.junit.runners.model.FrameworkMethod$1.runReflectiveCall(FrameworkMethod.java:50)&#13;
	at org.junit.internal.runners.model.ReflectiveCallable.run(ReflectiveCallable.java:12)&#13;
	at org.junit.runners.model.FrameworkMethod.invokeExplosively(FrameworkMethod.java:47)&#13;
	at org.junit.internal.runners.statements.InvokeMethod.evaluate(InvokeMethod.java:17)&#13;
	at org.junit.internal.runners.statements.RunBefores.evaluate(RunBefores.java:26)&#13;
	at org.junit.runners.ParentRunner.runLeaf(ParentRunner.java:325)&#13;
	at org.junit.runners.BlockJUnit4ClassRunner.runChild(BlockJUnit4ClassRunner.java:78)&#13;
	at org.junit.runners.BlockJUnit4ClassRunner.runChild(BlockJUnit4ClassRunner.java:57)&#13;
	at org.junit.runners.ParentRunner$3.run(ParentRunner.java:290)&#13;
	at org.junit.runners.ParentRunner$1.schedule(ParentRunner.java:71)&#13;
	at org.junit.runners.ParentRunner.runChildren(ParentRunner.java:288)&#13;
	at org.junit.runners.ParentRunner.access$000(ParentRunner.java:58)&#13;
	at org.junit.runners.ParentRunner$2.evaluate(ParentRunner.java:268)&#13;
	at org.junit.runners.ParentRunner.run(ParentRunner.java:363)&#13;
	at org.eclipse.jdt.internal.junit4.runner.JUnit4TestReference.run(JUnit4TestReference.java:86)&#13;
	at org.eclipse.jdt.internal.junit.runner.TestExecution.run(TestExecution.java:38)&#13;
	at org.eclipse.jdt.internal.junit.runner.RemoteTestRunner.runTests(RemoteTestRunner.java:459)&#13;
	at org.eclipse.jdt.internal.junit.runner.RemoteTestRunner.runTests(RemoteTestRunner.java:675)&#13;
	at org.eclipse.jdt.internal.junit.runner.RemoteTestRunner.run(RemoteTestRunner.java:382)&#13;
	at org.eclipse.jdt.internal.junit.runner.RemoteTestRunner.main(RemoteTestRunner.java:192)&#13;
&#13;
</failure>
    </testcase>
    <testcase name="shouldReturnFalseForUser100" classname="com.capgemini.fraudanalyser.FraudAnalyserTest" time="0.001"/>
    <testcase name="shouldReturnFalseForUser543" classname="com.capgemini.fraudanalyser.FraudAnalyserTest" time="0.001"/>
    <testcase name="shouldReturn5For5TransactionsToOneAccount" classname="com.capgemini.fraudanalyser.FraudAnalyserTest" time="0.008"/>
    <testcase name="shouldReturnSevenElementListForSixTransactionsByUserByDateForOneSuspectUser" classname="com.capgemini.fraudanalyser.FraudAnalyserTest" time="0.002"/>
    <testcase name="shouldGenerateListOfSuspectTransactionsWithOneElement" classname="com.capgemini.fraudanalyser.FraudAnalyserTest" time="0.002"/>
    <testcase name="shouldReturnSixElementListForSixTransactionsByUserByDate" classname="com.capgemini.fraudanalyser.FraudAnalyserTest" time="0.001"/>
    <testcase name="shouldReturnNullForSixTransactionsByHonestUserByDate" classname="com.capgemini.fraudanalyser.FraudAnalyserTest" time="0.001"/>
    <testcase name="shouldReturnTrueForUser101" classname="com.capgemini.fraudanalyser.FraudAnalyserTest" time="0.001"/>
    <testcase name="shouldReturnTrueForUser542" classname="com.capgemini.fraudanalyser.FraudAnalyserTest" time="0.001"/>
    <testcase name="shouldReturnThreeValuesForOneDuplicateRecipientAccount" classname="com.capgemini.fraudanalyser.FraudAnalyserTest" time="0.003"/>
    <testcase name="shouldReturnNullInsteadOfListOfSuspectTransactionsForNoSuspect" classname="com.capgemini.fraudanalyser.FraudAnalyserTest" time="0.001" ignored="true"/>
    <testcase name="shouldReturnSixElementListForSixTransactionsByUserByDateNoSuspectOrHonest" classname="com.capgemini.fraudanalyser.FraudAnalyserTest" time="0.002"/>
    <testcase name="shouldReturn5For5TransactionsToOneAccountUsingGetTrans" classname="com.capgemini.fraudanalyser.FraudAnalyserTest" time="0.001"/>
    <testcase name="shouldReturn0ElementListForFiveTransactionsByUserByDate" classname="com.capgemini.fraudanalyser.FraudAnalyserTest" time="0.001"/>
    <testcase name="shouldReturnSetOfSixValuesForOneDuplicateTransactionByDate" classname="com.capgemini.fraudanalyser.FraudAnalyserTest" time="0.016"/>
    <testcase name="shouldReturnSetOfSixValuesForOneDuplicateTransactionByUser" classname="com.capgemini.fraudanalyser.FraudAnalyserTest" time="0.0"/>
  </testsuite>
</testrun>
