<?xml version="1.0" encoding="UTF-8"?><testrun name="FraudAnalyserTest" project="FraudAnalyser" tests="10" started="10" failures="0" errors="3" ignored="1">
  <testsuite name="com.capgemini.fraudanalyser.FraudAnalyserTest" time="0.053">
    <testcase name="shouldReturnFalseForUser100" classname="com.capgemini.fraudanalyser.FraudAnalyserTest" time="0.017"/>
    <testcase name="shouldReturnFalseForUser543" classname="com.capgemini.fraudanalyser.FraudAnalyserTest" time="0.001"/>
    <testcase name="shouldGenerateListOfSuspectTransactionsWithOneElement" classname="com.capgemini.fraudanalyser.FraudAnalyserTest" time="0.02">
      <error>java.lang.Error: Unresolved compilation problem: 
	Cannot make a static reference to the non-static field SUSPICIOUS_NUMBER_OF_TRANSACTIONS_IN_ONE_DAY
&#13;
	at com.capgemini.fraudanalyser.FraudAnalyser.isNumerOfTransactionsSuspicious(FraudAnalyser.java:87)&#13;
	at com.capgemini.fraudanalyser.FraudAnalyser.analyseNumberOfTransactionsPerUserPerDay(FraudAnalyser.java:76)&#13;
	at com.capgemini.fraudanalyser.FraudAnalyser.generateListOfSuspectTransactions(FraudAnalyser.java:33)&#13;
	at com.capgemini.fraudanalyser.FraudAnalyserTest.shouldGenerateListOfSuspectTransactionsWithOneElement(FraudAnalyserTest.java:127)&#13;
	at sun.reflect.NativeMethodAccessorImpl.invoke0(Native Method)&#13;
	at sun.reflect.NativeMethodAccessorImpl.invoke(NativeMethodAccessorImpl.java:62)&#13;
	at sun.reflect.DelegatingMethodAccessorImpl.invoke(DelegatingMethodAccessorImpl.java:43)&#13;
	at java.lang.reflect.Method.invoke(Method.java:497)&#13;
	at org.junit.runners.model.FrameworkMethod$1.runReflectiveCall(FrameworkMethod.java:50)&#13;
	at org.junit.internal.runners.model.ReflectiveCallable.run(ReflectiveCallable.java:12)&#13;
	at org.junit.runners.model.FrameworkMethod.invokeExplosively(FrameworkMethod.java:47)&#13;
	at org.junit.internal.runners.statements.InvokeMethod.evaluate(InvokeMethod.java:17)&#13;
	at org.junit.internal.runners.statements.RunBefores.evaluate(RunBefores.java:26)&#13;
	at org.junit.runners.ParentRunner.runLeaf(ParentRunner.java:325)&#13;
	at org.junit.runners.BlockJUnit4ClassRunner.runChild(BlockJUnit4ClassRunner.java:78)&#13;
	at org.junit.runners.BlockJUnit4ClassRunner.runChild(BlockJUnit4ClassRunner.java:57)&#13;
	at org.junit.runners.ParentRunner$3.run(ParentRunner.java:290)&#13;
	at org.junit.runners.ParentRunner$1.schedule(ParentRunner.java:71)&#13;
	at org.junit.runners.ParentRunner.runChildren(ParentRunner.java:288)&#13;
	at org.junit.runners.ParentRunner.access$000(ParentRunner.java:58)&#13;
	at org.junit.runners.ParentRunner$2.evaluate(ParentRunner.java:268)&#13;
	at org.junit.runners.ParentRunner.run(ParentRunner.java:363)&#13;
	at org.eclipse.jdt.internal.junit4.runner.JUnit4TestReference.run(JUnit4TestReference.java:86)&#13;
	at org.eclipse.jdt.internal.junit.runner.TestExecution.run(TestExecution.java:38)&#13;
	at org.eclipse.jdt.internal.junit.runner.RemoteTestRunner.runTests(RemoteTestRunner.java:459)&#13;
	at org.eclipse.jdt.internal.junit.runner.RemoteTestRunner.runTests(RemoteTestRunner.java:675)&#13;
	at org.eclipse.jdt.internal.junit.runner.RemoteTestRunner.run(RemoteTestRunner.java:382)&#13;
	at org.eclipse.jdt.internal.junit.runner.RemoteTestRunner.main(RemoteTestRunner.java:192)&#13;
&#13;
</error>
    </testcase>
    <testcase name="shouldReturnSixElementListForSixTransactionsByUserByDate" classname="com.capgemini.fraudanalyser.FraudAnalyserTest" time="0.002">
      <error>java.lang.Error: Unresolved compilation problem: 
	Cannot make a static reference to the non-static field SUSPICIOUS_NUMBER_OF_TRANSACTIONS_IN_ONE_DAY
&#13;
	at com.capgemini.fraudanalyser.FraudAnalyser.isNumerOfTransactionsSuspicious(FraudAnalyser.java:87)&#13;
	at com.capgemini.fraudanalyser.FraudAnalyser.analyseNumberOfTransactionsPerUserPerDay(FraudAnalyser.java:76)&#13;
	at com.capgemini.fraudanalyser.FraudAnalyserTest.shouldReturnSixElementListForSixTransactionsByUserByDate(FraudAnalyserTest.java:63)&#13;
	at sun.reflect.NativeMethodAccessorImpl.invoke0(Native Method)&#13;
	at sun.reflect.NativeMethodAccessorImpl.invoke(NativeMethodAccessorImpl.java:62)&#13;
	at sun.reflect.DelegatingMethodAccessorImpl.invoke(DelegatingMethodAccessorImpl.java:43)&#13;
	at java.lang.reflect.Method.invoke(Method.java:497)&#13;
	at org.junit.runners.model.FrameworkMethod$1.runReflectiveCall(FrameworkMethod.java:50)&#13;
	at org.junit.internal.runners.model.ReflectiveCallable.run(ReflectiveCallable.java:12)&#13;
	at org.junit.runners.model.FrameworkMethod.invokeExplosively(FrameworkMethod.java:47)&#13;
	at org.junit.internal.runners.statements.InvokeMethod.evaluate(InvokeMethod.java:17)&#13;
	at org.junit.internal.runners.statements.RunBefores.evaluate(RunBefores.java:26)&#13;
	at org.junit.runners.ParentRunner.runLeaf(ParentRunner.java:325)&#13;
	at org.junit.runners.BlockJUnit4ClassRunner.runChild(BlockJUnit4ClassRunner.java:78)&#13;
	at org.junit.runners.BlockJUnit4ClassRunner.runChild(BlockJUnit4ClassRunner.java:57)&#13;
	at org.junit.runners.ParentRunner$3.run(ParentRunner.java:290)&#13;
	at org.junit.runners.ParentRunner$1.schedule(ParentRunner.java:71)&#13;
	at org.junit.runners.ParentRunner.runChildren(ParentRunner.java:288)&#13;
	at org.junit.runners.ParentRunner.access$000(ParentRunner.java:58)&#13;
	at org.junit.runners.ParentRunner$2.evaluate(ParentRunner.java:268)&#13;
	at org.junit.runners.ParentRunner.run(ParentRunner.java:363)&#13;
	at org.eclipse.jdt.internal.junit4.runner.JUnit4TestReference.run(JUnit4TestReference.java:86)&#13;
	at org.eclipse.jdt.internal.junit.runner.TestExecution.run(TestExecution.java:38)&#13;
	at org.eclipse.jdt.internal.junit.runner.RemoteTestRunner.runTests(RemoteTestRunner.java:459)&#13;
	at org.eclipse.jdt.internal.junit.runner.RemoteTestRunner.runTests(RemoteTestRunner.java:675)&#13;
	at org.eclipse.jdt.internal.junit.runner.RemoteTestRunner.run(RemoteTestRunner.java:382)&#13;
	at org.eclipse.jdt.internal.junit.runner.RemoteTestRunner.main(RemoteTestRunner.java:192)&#13;
&#13;
</error>
    </testcase>
    <testcase name="shouldReturnTrueForUser101" classname="com.capgemini.fraudanalyser.FraudAnalyserTest" time="0.0"/>
    <testcase name="shouldReturnTrueForUser542" classname="com.capgemini.fraudanalyser.FraudAnalyserTest" time="0.006"/>
    <testcase name="shouldReturnNullInsteadOfListOfSuspectTransactionsForNoSuspect" classname="com.capgemini.fraudanalyser.FraudAnalyserTest" time="0.001" ignored="true"/>
    <testcase name="shouldReturn0ElementListForFiveTransactionsByUserByDate" classname="com.capgemini.fraudanalyser.FraudAnalyserTest" time="0.002">
      <error>java.lang.Error: Unresolved compilation problem: 
	Cannot make a static reference to the non-static field SUSPICIOUS_NUMBER_OF_TRANSACTIONS_IN_ONE_DAY
&#13;
	at com.capgemini.fraudanalyser.FraudAnalyser.isNumerOfTransactionsSuspicious(FraudAnalyser.java:87)&#13;
	at com.capgemini.fraudanalyser.FraudAnalyser.analyseNumberOfTransactionsPerUserPerDay(FraudAnalyser.java:76)&#13;
	at com.capgemini.fraudanalyser.FraudAnalyserTest.shouldReturn0ElementListForFiveTransactionsByUserByDate(FraudAnalyserTest.java:91)&#13;
	at sun.reflect.NativeMethodAccessorImpl.invoke0(Native Method)&#13;
	at sun.reflect.NativeMethodAccessorImpl.invoke(NativeMethodAccessorImpl.java:62)&#13;
	at sun.reflect.DelegatingMethodAccessorImpl.invoke(DelegatingMethodAccessorImpl.java:43)&#13;
	at java.lang.reflect.Method.invoke(Method.java:497)&#13;
	at org.junit.runners.model.FrameworkMethod$1.runReflectiveCall(FrameworkMethod.java:50)&#13;
	at org.junit.internal.runners.model.ReflectiveCallable.run(ReflectiveCallable.java:12)&#13;
	at org.junit.runners.model.FrameworkMethod.invokeExplosively(FrameworkMethod.java:47)&#13;
	at org.junit.internal.runners.statements.InvokeMethod.evaluate(InvokeMethod.java:17)&#13;
	at org.junit.internal.runners.statements.RunBefores.evaluate(RunBefores.java:26)&#13;
	at org.junit.runners.ParentRunner.runLeaf(ParentRunner.java:325)&#13;
	at org.junit.runners.BlockJUnit4ClassRunner.runChild(BlockJUnit4ClassRunner.java:78)&#13;
	at org.junit.runners.BlockJUnit4ClassRunner.runChild(BlockJUnit4ClassRunner.java:57)&#13;
	at org.junit.runners.ParentRunner$3.run(ParentRunner.java:290)&#13;
	at org.junit.runners.ParentRunner$1.schedule(ParentRunner.java:71)&#13;
	at org.junit.runners.ParentRunner.runChildren(ParentRunner.java:288)&#13;
	at org.junit.runners.ParentRunner.access$000(ParentRunner.java:58)&#13;
	at org.junit.runners.ParentRunner$2.evaluate(ParentRunner.java:268)&#13;
	at org.junit.runners.ParentRunner.run(ParentRunner.java:363)&#13;
	at org.eclipse.jdt.internal.junit4.runner.JUnit4TestReference.run(JUnit4TestReference.java:86)&#13;
	at org.eclipse.jdt.internal.junit.runner.TestExecution.run(TestExecution.java:38)&#13;
	at org.eclipse.jdt.internal.junit.runner.RemoteTestRunner.runTests(RemoteTestRunner.java:459)&#13;
	at org.eclipse.jdt.internal.junit.runner.RemoteTestRunner.runTests(RemoteTestRunner.java:675)&#13;
	at org.eclipse.jdt.internal.junit.runner.RemoteTestRunner.run(RemoteTestRunner.java:382)&#13;
	at org.eclipse.jdt.internal.junit.runner.RemoteTestRunner.main(RemoteTestRunner.java:192)&#13;
&#13;
</error>
    </testcase>
    <testcase name="shouldReturnSetOfSixValuesForOneDuplicateTransactionByDate" classname="com.capgemini.fraudanalyser.FraudAnalyserTest" time="0.0"/>
    <testcase name="shouldReturnSetOfSixValuesForOneDuplicateTransactionByUser" classname="com.capgemini.fraudanalyser.FraudAnalyserTest" time="0.001"/>
  </testsuite>
</testrun>
